<?xml version="1.0" encoding="UTF-8"?>
<coverage generated="1753099503501" clover="3.2.0">
  <project timestamp="1753099503501" name="All files">
    <metrics statements="61" coveredstatements="51" conditionals="12" coveredconditionals="6" methods="19" coveredmethods="18" elements="92" coveredelements="75" complexity="0" loc="61" ncloc="61" packages="1" files="1" classes="1"/>
    <file name="TransactionsMethods.js" path="D:\IDACO intern\transaction-system\imports\api\TransactionsMethods.js">
      <metrics statements="61" coveredstatements="51" conditionals="12" coveredconditionals="6" methods="19" coveredmethods="18"/>
      <line num="5" count="1" type="stmt"/>
      <line num="6" count="2" type="stmt"/>
      <line num="7" count="2" type="cond" truecount="1" falsecount="1"/>
      <line num="10" count="1" type="stmt"/>
      <line num="12" count="1" type="stmt"/>
      <line num="18" count="1" type="stmt"/>
      <line num="22" count="1" type="stmt"/>
      <line num="26" count="1" type="stmt"/>
      <line num="27" count="1" type="stmt"/>
      <line num="31" count="1" type="stmt"/>
      <line num="38" count="1" type="stmt"/>
      <line num="39" count="1" type="stmt"/>
      <line num="40" count="1" type="stmt"/>
      <line num="46" count="1" type="stmt"/>
      <line num="48" count="1" type="stmt"/>
      <line num="51" count="2" type="stmt"/>
      <line num="53" count="1" type="stmt"/>
      <line num="57" count="2" type="stmt"/>
      <line num="58" count="1" type="stmt"/>
      <line num="60" count="1" type="stmt"/>
      <line num="69" count="1" type="stmt"/>
      <line num="70" count="2" type="stmt"/>
      <line num="74" count="1" type="stmt"/>
      <line num="75" count="1" type="stmt"/>
      <line num="76" count="1" type="stmt"/>
      <line num="77" count="2" type="stmt"/>
      <line num="78" count="2" type="stmt"/>
      <line num="80" count="1" type="stmt"/>
      <line num="82" count="1" type="stmt"/>
      <line num="83" count="2" type="stmt"/>
      <line num="84" count="4" type="stmt"/>
      <line num="85" count="2" type="stmt"/>
      <line num="87" count="2" type="stmt"/>
      <line num="88" count="4" type="stmt"/>
      <line num="89" count="2" type="stmt"/>
      <line num="91" count="2" type="stmt"/>
      <line num="98" count="1" type="stmt"/>
      <line num="101" count="1" type="stmt"/>
      <line num="102" count="1" type="stmt"/>
      <line num="105" count="1" type="stmt"/>
      <line num="106" count="1" type="stmt"/>
      <line num="108" count="1" type="cond" truecount="3" falsecount="1"/>
      <line num="109" count="0" type="stmt"/>
      <line num="113" count="1" type="stmt"/>
      <line num="114" count="1" type="cond" truecount="1" falsecount="1"/>
      <line num="115" count="0" type="stmt"/>
      <line num="119" count="1" type="stmt"/>
      <line num="120" count="1" type="cond" truecount="1" falsecount="1"/>
      <line num="121" count="0" type="stmt"/>
      <line num="125" count="1" type="stmt"/>
      <line num="131" count="1" type="stmt"/>
      <line num="138" count="1" type="stmt"/>
      <line num="144" count="1" type="stmt"/>
      <line num="146" count="1" type="stmt"/>
      <line num="154" count="0" type="stmt"/>
      <line num="155" count="0" type="stmt"/>
      <line num="156" count="0" type="stmt"/>
      <line num="157" count="0" type="cond" truecount="0" falsecount="2"/>
      <line num="158" count="0" type="stmt"/>
      <line num="161" count="0" type="stmt"/>
      <line num="166" count="0" type="stmt"/>
    </file>
  </project>
</coverage>
