{"D:\\IDACO intern\\transaction-system\\imports\\api\\TransactionsMethods.js": {"path":"D:\\IDACO intern\\transaction-system\\imports\\api\\TransactionsMethods.js","statementMap":{"0":{"start":{"line":5,"column":20},"end":{"line":8,"column":1}},"1":{"start":{"line":6,"column":15},"end":{"line":6,"column":54}},"2":{"start":{"line":7,"column":2},"end":{"line":7,"column":37}},"3":{"start":{"line":10,"column":0},"end":{"line":168,"column":3}},"4":{"start":{"line":12,"column":4},"end":{"line":17,"column":7}},"5":{"start":{"line":18,"column":32},"end":{"line":21,"column":5}},"6":{"start":{"line":22,"column":4},"end":{"line":22,"column":73}},"7":{"start":{"line":26,"column":4},"end":{"line":26,"column":33}},"8":{"start":{"line":27,"column":4},"end":{"line":27,"column":67}},"9":{"start":{"line":31,"column":4},"end":{"line":37,"column":7}},"10":{"start":{"line":38,"column":31},"end":{"line":38,"column":61}},"11":{"start":{"line":39,"column":57},"end":{"line":39,"column":68}},"12":{"start":{"line":40,"column":4},"end":{"line":42,"column":7}},"13":{"start":{"line":46,"column":4},"end":{"line":46,"column":28}},"14":{"start":{"line":48,"column":33},"end":{"line":50,"column":19}},"15":{"start":{"line":51,"column":26},"end":{"line":51,"column":84}},"16":{"start":{"line":51,"column":66},"end":{"line":51,"column":80}},"17":{"start":{"line":53,"column":29},"end":{"line":55,"column":19}},"18":{"start":{"line":57,"column":22},"end":{"line":57,"column":76}},"19":{"start":{"line":57,"column":58},"end":{"line":57,"column":72}},"20":{"start":{"line":58,"column":20},"end":{"line":58,"column":45}},"21":{"start":{"line":60,"column":4},"end":{"line":65,"column":6}},"22":{"start":{"line":69,"column":18},"end":{"line":69,"column":87}},"23":{"start":{"line":70,"column":4},"end":{"line":70,"column":44}},"24":{"start":{"line":70,"column":29},"end":{"line":70,"column":42}},"25":{"start":{"line":74,"column":25},"end":{"line":74,"column":64}},"26":{"start":{"line":75,"column":25},"end":{"line":75,"column":34}},"27":{"start":{"line":76,"column":4},"end":{"line":79,"column":7}},"28":{"start":{"line":77,"column":6},"end":{"line":77,"column":51}},"29":{"start":{"line":78,"column":6},"end":{"line":78,"column":53}},"30":{"start":{"line":80,"column":28},"end":{"line":80,"column":52}},"31":{"start":{"line":82,"column":25},"end":{"line":97,"column":6}},"32":{"start":{"line":83,"column":28},"end":{"line":85,"column":46}},"33":{"start":{"line":84,"column":21},"end":{"line":84,"column":52}},"34":{"start":{"line":85,"column":28},"end":{"line":85,"column":42}},"35":{"start":{"line":87,"column":24},"end":{"line":89,"column":46}},"36":{"start":{"line":88,"column":21},"end":{"line":88,"column":50}},"37":{"start":{"line":89,"column":28},"end":{"line":89,"column":42}},"38":{"start":{"line":91,"column":6},"end":{"line":96,"column":8}},"39":{"start":{"line":98,"column":4},"end":{"line":98,"column":24}},"40":{"start":{"line":101,"column":25},"end":{"line":101,"column":75}},"41":{"start":{"line":102,"column":4},"end":{"line":102,"column":24}},"42":{"start":{"line":105,"column":4},"end":{"line":105,"column":28}},"43":{"start":{"line":106,"column":4},"end":{"line":106,"column":31}},"44":{"start":{"line":108,"column":4},"end":{"line":110,"column":5}},"45":{"start":{"line":109,"column":6},"end":{"line":109,"column":50}},"46":{"start":{"line":113,"column":25},"end":{"line":113,"column":83}},"47":{"start":{"line":114,"column":4},"end":{"line":116,"column":5}},"48":{"start":{"line":115,"column":6},"end":{"line":115,"column":94}},"49":{"start":{"line":119,"column":24},"end":{"line":119,"column":79}},"50":{"start":{"line":120,"column":4},"end":{"line":122,"column":5}},"51":{"start":{"line":121,"column":6},"end":{"line":121,"column":79}},"52":{"start":{"line":125,"column":4},"end":{"line":128,"column":6}},"53":{"start":{"line":131,"column":30},"end":{"line":135,"column":5}},"54":{"start":{"line":138,"column":32},"end":{"line":142,"column":5}},"55":{"start":{"line":144,"column":26},"end":{"line":144,"column":65}},"56":{"start":{"line":146,"column":4},"end":{"line":151,"column":6}},"57":{"start":{"line":154,"column":21},"end":{"line":154,"column":57}},"58":{"start":{"line":155,"column":18},"end":{"line":155,"column":76}},"59":{"start":{"line":156,"column":25},"end":{"line":156,"column":70}},"60":{"start":{"line":157,"column":4},"end":{"line":159,"column":5}},"61":{"start":{"line":158,"column":6},"end":{"line":158,"column":67}},"62":{"start":{"line":161,"column":19},"end":{"line":165,"column":6}},"63":{"start":{"line":166,"column":4},"end":{"line":166,"column":18}}},"fnMap":{"0":{"name":"(anonymous_0)","decl":{"start":{"line":5,"column":20},"end":{"line":5,"column":21}},"loc":{"start":{"line":5,"column":38},"end":{"line":8,"column":1}},"line":5},"1":{"name":"(anonymous_1)","decl":{"start":{"line":11,"column":2},"end":{"line":11,"column":3}},"loc":{"start":{"line":11,"column":43},"end":{"line":23,"column":3}},"line":11},"2":{"name":"(anonymous_2)","decl":{"start":{"line":25,"column":2},"end":{"line":25,"column":3}},"loc":{"start":{"line":25,"column":45},"end":{"line":28,"column":3}},"line":25},"3":{"name":"(anonymous_3)","decl":{"start":{"line":30,"column":2},"end":{"line":30,"column":3}},"loc":{"start":{"line":30,"column":43},"end":{"line":43,"column":3}},"line":30},"4":{"name":"(anonymous_4)","decl":{"start":{"line":45,"column":2},"end":{"line":45,"column":3}},"loc":{"start":{"line":45,"column":48},"end":{"line":66,"column":3}},"line":45},"5":{"name":"(anonymous_5)","decl":{"start":{"line":51,"column":54},"end":{"line":51,"column":55}},"loc":{"start":{"line":51,"column":66},"end":{"line":51,"column":80}},"line":51},"6":{"name":"(anonymous_6)","decl":{"start":{"line":57,"column":46},"end":{"line":57,"column":47}},"loc":{"start":{"line":57,"column":58},"end":{"line":57,"column":72}},"line":57},"7":{"name":"(anonymous_7)","decl":{"start":{"line":68,"column":2},"end":{"line":68,"column":3}},"loc":{"start":{"line":68,"column":41},"end":{"line":71,"column":3}},"line":68},"8":{"name":"(anonymous_8)","decl":{"start":{"line":70,"column":21},"end":{"line":70,"column":22}},"loc":{"start":{"line":70,"column":29},"end":{"line":70,"column":42}},"line":70},"9":{"name":"(anonymous_9)","decl":{"start":{"line":73,"column":2},"end":{"line":73,"column":3}},"loc":{"start":{"line":73,"column":41},"end":{"line":99,"column":3}},"line":73},"10":{"name":"(anonymous_10)","decl":{"start":{"line":76,"column":25},"end":{"line":76,"column":26}},"loc":{"start":{"line":76,"column":40},"end":{"line":79,"column":5}},"line":76},"11":{"name":"(anonymous_11)","decl":{"start":{"line":82,"column":45},"end":{"line":82,"column":46}},"loc":{"start":{"line":82,"column":57},"end":{"line":97,"column":5}},"line":82},"12":{"name":"(anonymous_12)","decl":{"start":{"line":84,"column":16},"end":{"line":84,"column":17}},"loc":{"start":{"line":84,"column":21},"end":{"line":84,"column":52}},"line":84},"13":{"name":"(anonymous_13)","decl":{"start":{"line":85,"column":16},"end":{"line":85,"column":17}},"loc":{"start":{"line":85,"column":28},"end":{"line":85,"column":42}},"line":85},"14":{"name":"(anonymous_14)","decl":{"start":{"line":88,"column":16},"end":{"line":88,"column":17}},"loc":{"start":{"line":88,"column":21},"end":{"line":88,"column":50}},"line":88},"15":{"name":"(anonymous_15)","decl":{"start":{"line":89,"column":16},"end":{"line":89,"column":17}},"loc":{"start":{"line":89,"column":28},"end":{"line":89,"column":42}},"line":89},"16":{"name":"(anonymous_16)","decl":{"start":{"line":100,"column":2},"end":{"line":100,"column":3}},"loc":{"start":{"line":100,"column":44},"end":{"line":103,"column":3}},"line":100},"17":{"name":"(anonymous_17)","decl":{"start":{"line":104,"column":2},"end":{"line":104,"column":3}},"loc":{"start":{"line":104,"column":57},"end":{"line":152,"column":3}},"line":104},"18":{"name":"(anonymous_18)","decl":{"start":{"line":153,"column":2},"end":{"line":153,"column":3}},"loc":{"start":{"line":153,"column":41},"end":{"line":167,"column":3}},"line":153}},"branchMap":{"0":{"loc":{"start":{"line":7,"column":9},"end":{"line":7,"column":36}},"type":"cond-expr","locations":[{"start":{"line":7,"column":16},"end":{"line":7,"column":29}},{"start":{"line":7,"column":32},"end":{"line":7,"column":36}}],"line":7},"1":{"loc":{"start":{"line":108,"column":4},"end":{"line":110,"column":5}},"type":"if","locations":[{"start":{"line":108,"column":4},"end":{"line":110,"column":5}},{"start":{},"end":{}}],"line":108},"2":{"loc":{"start":{"line":108,"column":8},"end":{"line":108,"column":33}},"type":"binary-expr","locations":[{"start":{"line":108,"column":8},"end":{"line":108,"column":17}},{"start":{"line":108,"column":21},"end":{"line":108,"column":33}}],"line":108},"3":{"loc":{"start":{"line":114,"column":4},"end":{"line":116,"column":5}},"type":"if","locations":[{"start":{"line":114,"column":4},"end":{"line":116,"column":5}},{"start":{},"end":{}}],"line":114},"4":{"loc":{"start":{"line":120,"column":4},"end":{"line":122,"column":5}},"type":"if","locations":[{"start":{"line":120,"column":4},"end":{"line":122,"column":5}},{"start":{},"end":{}}],"line":120},"5":{"loc":{"start":{"line":157,"column":4},"end":{"line":159,"column":5}},"type":"if","locations":[{"start":{"line":157,"column":4},"end":{"line":159,"column":5}},{"start":{},"end":{}}],"line":157}},"s":{"0":1,"1":2,"2":2,"3":1,"4":1,"5":1,"6":1,"7":1,"8":1,"9":1,"10":1,"11":1,"12":1,"13":1,"14":1,"15":1,"16":2,"17":1,"18":1,"19":2,"20":1,"21":1,"22":1,"23":1,"24":2,"25":1,"26":1,"27":1,"28":2,"29":2,"30":1,"31":1,"32":2,"33":4,"34":2,"35":2,"36":4,"37":2,"38":2,"39":1,"40":1,"41":1,"42":1,"43":1,"44":1,"45":0,"46":1,"47":1,"48":0,"49":1,"50":1,"51":0,"52":1,"53":1,"54":1,"55":1,"56":1,"57":0,"58":0,"59":0,"60":0,"61":0,"62":0,"63":0},"f":{"0":2,"1":1,"2":1,"3":1,"4":1,"5":2,"6":2,"7":1,"8":2,"9":1,"10":2,"11":2,"12":4,"13":2,"14":4,"15":2,"16":1,"17":1,"18":0},"b":{"0":[2,0],"1":[0,1],"2":[1,1],"3":[0,1],"4":[0,1],"5":[0,0]},"_coverageSchema":"1a1c01bbd47fc00a2c39e90264f33305004495a9","hash":"2adf0ea8a4dd6ee440aa0ebd4359b6073db2834e"}
}
