TN:
SF:imports\api\TransactionsMethods.js
FN:5,(anonymous_0)
FN:11,(anonymous_1)
FN:25,(anonymous_2)
FN:30,(anonymous_3)
FN:45,(anonymous_4)
FN:51,(anonymous_5)
FN:57,(anonymous_6)
FN:68,(anonymous_7)
FN:70,(anonymous_8)
FN:73,(anonymous_9)
FN:76,(anonymous_10)
FN:82,(anonymous_11)
FN:84,(anonymous_12)
FN:85,(anonymous_13)
FN:88,(anonymous_14)
FN:89,(anonymous_15)
FN:100,(anonymous_16)
FN:104,(anonymous_17)
FN:153,(anonymous_18)
FNF:19
FNH:18
FNDA:2,(anonymous_0)
FNDA:1,(anonymous_1)
FNDA:1,(anonymous_2)
FNDA:1,(anonymous_3)
FNDA:1,(anonymous_4)
FNDA:2,(anonymous_5)
FNDA:2,(anonymous_6)
FNDA:1,(anonymous_7)
FNDA:2,(anonymous_8)
FNDA:1,(anonymous_9)
FNDA:2,(anonymous_10)
FNDA:2,(anonymous_11)
FNDA:4,(anonymous_12)
FNDA:2,(anonymous_13)
FNDA:4,(anonymous_14)
FNDA:2,(anonymous_15)
FNDA:1,(anonymous_16)
FNDA:1,(anonymous_17)
FNDA:0,(anonymous_18)
DA:5,1
DA:6,2
DA:7,2
DA:10,1
DA:12,1
DA:18,1
DA:22,1
DA:26,1
DA:27,1
DA:31,1
DA:38,1
DA:39,1
DA:40,1
DA:46,1
DA:48,1
DA:51,2
DA:53,1
DA:57,2
DA:58,1
DA:60,1
DA:69,1
DA:70,2
DA:74,1
DA:75,1
DA:76,1
DA:77,2
DA:78,2
DA:80,1
DA:82,1
DA:83,2
DA:84,4
DA:85,2
DA:87,2
DA:88,4
DA:89,2
DA:91,2
DA:98,1
DA:101,1
DA:102,1
DA:105,1
DA:106,1
DA:108,1
DA:109,0
DA:113,1
DA:114,1
DA:115,0
DA:119,1
DA:120,1
DA:121,0
DA:125,1
DA:131,1
DA:138,1
DA:144,1
DA:146,1
DA:154,0
DA:155,0
DA:156,0
DA:157,0
DA:158,0
DA:161,0
DA:166,0
LF:61
LH:51
BRDA:7,0,0,2
BRDA:7,0,1,0
BRDA:108,1,0,0
BRDA:108,1,1,1
BRDA:108,2,0,1
BRDA:108,2,1,1
BRDA:114,3,0,0
BRDA:114,3,1,1
BRDA:120,4,0,0
BRDA:120,4,1,1
BRDA:157,5,0,0
BRDA:157,5,1,0
BRF:12
BRH:6
end_of_record
